<?xml version="1.0" encoding="UTF-8"?>
<trace:TraceModel
    xmi:version="2.0"
    xmlns:xmi="http://www.omg.org/XMI"
    xmlns:trace="http://www.eclipse.org/gmf/2006/Trace">
  <nodeTraces
      visualID="2007"
      queryText="(let _eClass_:ecore::EClass = modelFacet.metaClass.ecoreClass in _eClass_.ePackage.nsURI = 'AGSN' and _eClass_.name = 'Goal') and (let _containmentMF_:ecore::EStructuralFeature = modelFacet.containmentMetaFeature.ecoreFeature in (let _eClass_:ecore::EClass = _containmentMF_.eContainingClass in _eClass_.ePackage.nsURI = 'AGSN' and _eClass_.name = 'SafetyCase') and _containmentMF_.name = 'rootBasicNode')">
    <nodeLabelTraces
        visualID="5015"
        queryText="true"/>
    <nodeLabelTraces
        visualID="5016"
        queryText="true"/>
  </nodeTraces>
  <nodeTraces
      visualID="2008"
      queryText="(let _eClass_:ecore::EClass = modelFacet.metaClass.ecoreClass in _eClass_.ePackage.nsURI = 'AGSN' and _eClass_.name = 'Strategy') and (let _containmentMF_:ecore::EStructuralFeature = modelFacet.containmentMetaFeature.ecoreFeature in (let _eClass_:ecore::EClass = _containmentMF_.eContainingClass in _eClass_.ePackage.nsURI = 'AGSN' and _eClass_.name = 'SafetyCase') and _containmentMF_.name = 'rootBasicNode')">
    <nodeLabelTraces
        visualID="5017"
        queryText="true"/>
    <nodeLabelTraces
        visualID="5018"
        queryText="true"/>
  </nodeTraces>
  <nodeTraces
      visualID="2009"
      queryText="(let _eClass_:ecore::EClass = modelFacet.metaClass.ecoreClass in _eClass_.ePackage.nsURI = 'AGSN' and _eClass_.name = 'Evidence') and (let _containmentMF_:ecore::EStructuralFeature = modelFacet.containmentMetaFeature.ecoreFeature in (let _eClass_:ecore::EClass = _containmentMF_.eContainingClass in _eClass_.ePackage.nsURI = 'AGSN' and _eClass_.name = 'SafetyCase') and _containmentMF_.name = 'rootBasicNode')">
    <nodeLabelTraces
        visualID="5019"
        queryText="true"/>
    <nodeLabelTraces
        visualID="5020"
        queryText="true"/>
  </nodeTraces>
  <nodeTraces
      visualID="2010"
      queryText="(let _eClass_:ecore::EClass = modelFacet.metaClass.ecoreClass in _eClass_.ePackage.nsURI = 'AGSN' and _eClass_.name = 'Context') and (let _containmentMF_:ecore::EStructuralFeature = modelFacet.containmentMetaFeature.ecoreFeature in (let _eClass_:ecore::EClass = _containmentMF_.eContainingClass in _eClass_.ePackage.nsURI = 'AGSN' and _eClass_.name = 'SafetyCase') and _containmentMF_.name = 'rootBasicNode')">
    <nodeLabelTraces
        visualID="5021"
        queryText="true"/>
    <nodeLabelTraces
        visualID="5022"
        queryText="true"/>
  </nodeTraces>
  <nodeTraces
      visualID="2011"
      queryText="(let _eClass_:ecore::EClass = modelFacet.metaClass.ecoreClass in _eClass_.ePackage.nsURI = 'AGSN' and _eClass_.name = 'Justification') and (let _containmentMF_:ecore::EStructuralFeature = modelFacet.containmentMetaFeature.ecoreFeature in (let _eClass_:ecore::EClass = _containmentMF_.eContainingClass in _eClass_.ePackage.nsURI = 'AGSN' and _eClass_.name = 'SafetyCase') and _containmentMF_.name = 'rootBasicNode')">
    <nodeLabelTraces
        visualID="5023"
        queryText="true"/>
    <nodeLabelTraces
        visualID="5024"
        queryText="true"/>
  </nodeTraces>
  <nodeTraces
      visualID="2012"
      queryText="(let _eClass_:ecore::EClass = modelFacet.metaClass.ecoreClass in _eClass_.ePackage.nsURI = 'AGSN' and _eClass_.name = 'Assumption') and (let _containmentMF_:ecore::EStructuralFeature = modelFacet.containmentMetaFeature.ecoreFeature in (let _eClass_:ecore::EClass = _containmentMF_.eContainingClass in _eClass_.ePackage.nsURI = 'AGSN' and _eClass_.name = 'SafetyCase') and _containmentMF_.name = 'rootBasicNode')">
    <nodeLabelTraces
        visualID="5025"
        queryText="true"/>
    <nodeLabelTraces
        visualID="5026"
        queryText="true"/>
  </nodeTraces>
  <nodeTraces
      visualID="2013"
      queryText="(let _eClass_:ecore::EClass = modelFacet.metaClass.ecoreClass in _eClass_.ePackage.nsURI = 'AGSN' and _eClass_.name = 'Strength') and (let _containmentMF_:ecore::EStructuralFeature = modelFacet.containmentMetaFeature.ecoreFeature in (let _eClass_:ecore::EClass = _containmentMF_.eContainingClass in _eClass_.ePackage.nsURI = 'AGSN' and _eClass_.name = 'SafetyCase') and _containmentMF_.name = 'rootCommendation')">
    <nodeLabelTraces
        visualID="5027"
        queryText="true"/>
    <nodeLabelTraces
        visualID="5028"
        queryText="true"/>
  </nodeTraces>
  <nodeTraces
      visualID="2014"
      queryText="(let _eClass_:ecore::EClass = modelFacet.metaClass.ecoreClass in _eClass_.ePackage.nsURI = 'AGSN' and _eClass_.name = 'RequiredAction') and (let _containmentMF_:ecore::EStructuralFeature = modelFacet.containmentMetaFeature.ecoreFeature in (let _eClass_:ecore::EClass = _containmentMF_.eContainingClass in _eClass_.ePackage.nsURI = 'AGSN' and _eClass_.name = 'SafetyCase') and _containmentMF_.name = 'rootCommendation')">
    <nodeLabelTraces
        visualID="5029"
        queryText="true"/>
    <nodeLabelTraces
        visualID="5030"
        queryText="true"/>
  </nodeTraces>
  <nodeTraces
      visualID="2015"
      queryText="(let _eClass_:ecore::EClass = modelFacet.metaClass.ecoreClass in _eClass_.ePackage.nsURI = 'AGSN' and _eClass_.name = 'Weakness') and (let _containmentMF_:ecore::EStructuralFeature = modelFacet.containmentMetaFeature.ecoreFeature in (let _eClass_:ecore::EClass = _containmentMF_.eContainingClass in _eClass_.ePackage.nsURI = 'AGSN' and _eClass_.name = 'SafetyCase') and _containmentMF_.name = 'rootCommendation')">
    <nodeLabelTraces
        visualID="5031"
        queryText="true"/>
    <nodeLabelTraces
        visualID="5032"
        queryText="true"/>
  </nodeTraces>
  <nodeTraces
      visualID="2016"
      queryText="(let _eClass_:ecore::EClass = modelFacet.metaClass.ecoreClass in _eClass_.ePackage.nsURI = 'AGSN' and _eClass_.name = 'Question') and (let _containmentMF_:ecore::EStructuralFeature = modelFacet.containmentMetaFeature.ecoreFeature in (let _eClass_:ecore::EClass = _containmentMF_.eContainingClass in _eClass_.ePackage.nsURI = 'AGSN' and _eClass_.name = 'SafetyCase') and _containmentMF_.name = 'rootCommendation')">
    <nodeLabelTraces
        visualID="5033"
        queryText="true"/>
    <nodeLabelTraces
        visualID="5034"
        queryText="true"/>
  </nodeTraces>
  <nodeTraces
      visualID="2018"
      queryText="(let _eClass_:ecore::EClass = modelFacet.metaClass.ecoreClass in _eClass_.ePackage.nsURI = 'AGSN' and _eClass_.name = 'AdditionalElement') and (let _containmentMF_:ecore::EStructuralFeature = modelFacet.containmentMetaFeature.ecoreFeature in (let _eClass_:ecore::EClass = _containmentMF_.eContainingClass in _eClass_.ePackage.nsURI = 'AGSN' and _eClass_.name = 'SafetyCase') and _containmentMF_.name = 'rootBasicNode')">
    <nodeLabelTraces
        visualID="5037"
        queryText="true"/>
    <nodeLabelTraces
        visualID="5038"
        queryText="true"/>
  </nodeTraces>
  <nodeTraces
      visualID="2019"
      queryText="(let _eClass_:ecore::EClass = modelFacet.metaClass.ecoreClass in _eClass_.ePackage.nsURI = 'AGSN' and _eClass_.name = 'Module') and (let _containmentMF_:ecore::EStructuralFeature = modelFacet.containmentMetaFeature.ecoreFeature in (let _eClass_:ecore::EClass = _containmentMF_.eContainingClass in _eClass_.ePackage.nsURI = 'AGSN' and _eClass_.name = 'SafetyCase') and _containmentMF_.name = 'rootBasicNode')">
    <nodeLabelTraces
        visualID="5039"
        queryText="true"/>
    <nodeLabelTraces
        visualID="5040"
        queryText="true"/>
  </nodeTraces>
  <nodeTraces
      visualID="2020"
      queryText="(let _eClass_:ecore::EClass = modelFacet.metaClass.ecoreClass in _eClass_.ePackage.nsURI = 'AGSN' and _eClass_.name = 'Contract') and (let _containmentMF_:ecore::EStructuralFeature = modelFacet.containmentMetaFeature.ecoreFeature in (let _eClass_:ecore::EClass = _containmentMF_.eContainingClass in _eClass_.ePackage.nsURI = 'AGSN' and _eClass_.name = 'SafetyCase') and _containmentMF_.name = 'rootBasicNode')">
    <nodeLabelTraces
        visualID="5041"
        queryText="true"/>
    <nodeLabelTraces
        visualID="5042"
        queryText="true"/>
  </nodeTraces>
  <linkTraces
      visualID="4001"
      queryText="modelFacet.oclIsKindOf(gmfgen::TypeLinkModelFacet) and (let _eClass_:ecore::EClass = modelFacet.oclAsType(gmfgen::TypeLinkModelFacet).metaClass.ecoreClass in _eClass_.ePackage.nsURI = 'AGSN' and _eClass_.name = 'InContextOf')"/>
  <linkTraces
      visualID="4002"
      queryText="modelFacet.oclIsKindOf(gmfgen::TypeLinkModelFacet) and (let _eClass_:ecore::EClass = modelFacet.oclAsType(gmfgen::TypeLinkModelFacet).metaClass.ecoreClass in _eClass_.ePackage.nsURI = 'AGSN' and _eClass_.name = 'SupportedBy')"/>
  <linkTraces
      visualID="4003"
      queryText="modelFacet.oclIsKindOf(gmfgen::FeatureLinkModelFacet) and (let _feature_:ecore::EStructuralFeature = modelFacet.oclAsType(gmfgen::FeatureLinkModelFacet).metaFeature.ecoreFeature in (let _eClass_:ecore::EClass = _feature_.eContainingClass in _eClass_.ePackage.nsURI = 'AGSN' and _eClass_.name = 'BasicNode') and _feature_.name = 'hasComment')">
    <linkLabelTraces
        visualID="6001"
        queryText="true"/>
  </linkTraces>
  <linkTraces
      visualID="4005"
      queryText="modelFacet.oclIsKindOf(gmfgen::TypeLinkModelFacet) and (let _eClass_:ecore::EClass = modelFacet.oclAsType(gmfgen::TypeLinkModelFacet).metaClass.ecoreClass in _eClass_.ePackage.nsURI = 'AGSN' and _eClass_.name = 'AdditionalLink')"/>
</trace:TraceModel>
